<testsuite name="Mocha Tests" tests="5" failures="0" errors="0" skipped="0" timestamp="Thu, 01 Oct 2015 10:00:41 GMT" time="0.383">
<testcase classname="FeaturesViewerTest" name="should process the data" time="0.001"/>
<testcase classname="FeaturesViewerTest" name="should process variants" time="0.002"/>
<testcase classname="FeaturesViewerTest" name="should calculate track overlaps" time="0"/>
<testcase classname="FeaturesViewerTest" name="should return feature height" time="0"/>
<testcase classname="FeaturesViewerTest" name="should return right number of rows" time="0"/>
</testsuite>
